E, [2017-11-13T18:21:06.902746 #9181] ERROR -- Kitchen: ------Exception-------
E, [2017-11-13T18:21:06.902880 #9181] ERROR -- Kitchen: Class: Kitchen::UserError
E, [2017-11-13T18:21:06.902915 #9181] ERROR -- Kitchen: Message: Kitchen YAML file /home/vagrant/chef-repo/cookbooks/.kitchen.yml does not exist.
E, [2017-11-13T18:21:06.902941 #9181] ERROR -- Kitchen: ----------------------
E, [2017-11-13T18:21:06.902963 #9181] ERROR -- Kitchen: ------Backtrace-------
E, [2017-11-13T18:21:06.902985 #9181] ERROR -- Kitchen: /opt/chefdk/embedded/lib/ruby/gems/2.3.0/gems/test-kitchen-1.16.0/lib/kitchen/loader/yaml.rb:71:in `read'
E, [2017-11-13T18:21:06.903009 #9181] ERROR -- Kitchen: /opt/chefdk/embedded/lib/ruby/gems/2.3.0/gems/test-kitchen-1.16.0/lib/kitchen/config.rb:152:in `data'
E, [2017-11-13T18:21:06.903039 #9181] ERROR -- Kitchen: /opt/chefdk/embedded/lib/ruby/gems/2.3.0/gems/test-kitchen-1.16.0/lib/kitchen/config.rb:131:in `suites'
E, [2017-11-13T18:21:06.903063 #9181] ERROR -- Kitchen: /opt/chefdk/embedded/lib/ruby/gems/2.3.0/gems/test-kitchen-1.16.0/lib/kitchen/config.rb:182:in `filter_instances'
E, [2017-11-13T18:21:06.903086 #9181] ERROR -- Kitchen: /opt/chefdk/embedded/lib/ruby/gems/2.3.0/gems/test-kitchen-1.16.0/lib/kitchen/config.rb:141:in `build_instances'
E, [2017-11-13T18:21:06.903110 #9181] ERROR -- Kitchen: /opt/chefdk/embedded/lib/ruby/gems/2.3.0/gems/test-kitchen-1.16.0/lib/kitchen/config.rb:117:in `instances'
E, [2017-11-13T18:21:06.903133 #9181] ERROR -- Kitchen: /opt/chefdk/embedded/lib/ruby/gems/2.3.0/gems/test-kitchen-1.16.0/lib/kitchen/command.rb:112:in `filtered_instances'
E, [2017-11-13T18:21:06.903156 #9181] ERROR -- Kitchen: /opt/chefdk/embedded/lib/ruby/gems/2.3.0/gems/test-kitchen-1.16.0/lib/kitchen/command.rb:142:in `parse_subcommand'
E, [2017-11-13T18:21:06.903179 #9181] ERROR -- Kitchen: /opt/chefdk/embedded/lib/ruby/gems/2.3.0/gems/test-kitchen-1.16.0/lib/kitchen/command/list.rb:30:in `call'
E, [2017-11-13T18:21:06.903202 #9181] ERROR -- Kitchen: /opt/chefdk/embedded/lib/ruby/gems/2.3.0/gems/test-kitchen-1.16.0/lib/kitchen/cli.rb:53:in `perform'
E, [2017-11-13T18:21:06.903226 #9181] ERROR -- Kitchen: /opt/chefdk/embedded/lib/ruby/gems/2.3.0/gems/test-kitchen-1.16.0/lib/kitchen/cli.rb:121:in `list'
E, [2017-11-13T18:21:06.903249 #9181] ERROR -- Kitchen: /opt/chefdk/embedded/lib/ruby/gems/2.3.0/gems/thor-0.19.1/lib/thor/command.rb:27:in `run'
E, [2017-11-13T18:21:06.903286 #9181] ERROR -- Kitchen: /opt/chefdk/embedded/lib/ruby/gems/2.3.0/gems/thor-0.19.1/lib/thor/invocation.rb:126:in `invoke_command'
E, [2017-11-13T18:21:06.903345 #9181] ERROR -- Kitchen: /opt/chefdk/embedded/lib/ruby/gems/2.3.0/gems/test-kitchen-1.16.0/lib/kitchen/cli.rb:334:in `invoke_task'
E, [2017-11-13T18:21:06.903372 #9181] ERROR -- Kitchen: /opt/chefdk/embedded/lib/ruby/gems/2.3.0/gems/thor-0.19.1/lib/thor.rb:359:in `dispatch'
E, [2017-11-13T18:21:06.903396 #9181] ERROR -- Kitchen: /opt/chefdk/embedded/lib/ruby/gems/2.3.0/gems/thor-0.19.1/lib/thor/base.rb:440:in `start'
E, [2017-11-13T18:21:06.903419 #9181] ERROR -- Kitchen: /opt/chefdk/embedded/lib/ruby/gems/2.3.0/gems/test-kitchen-1.16.0/bin/kitchen:13:in `block in <top (required)>'
E, [2017-11-13T18:21:06.903442 #9181] ERROR -- Kitchen: /opt/chefdk/embedded/lib/ruby/gems/2.3.0/gems/test-kitchen-1.16.0/lib/kitchen/errors.rb:171:in `with_friendly_errors'
E, [2017-11-13T18:21:06.903466 #9181] ERROR -- Kitchen: /opt/chefdk/embedded/lib/ruby/gems/2.3.0/gems/test-kitchen-1.16.0/bin/kitchen:13:in `<top (required)>'
E, [2017-11-13T18:21:06.903489 #9181] ERROR -- Kitchen: /usr/bin/kitchen:21:in `load'
E, [2017-11-13T18:21:06.903511 #9181] ERROR -- Kitchen: /usr/bin/kitchen:21:in `<main>'
E, [2017-11-13T18:21:06.903534 #9181] ERROR -- Kitchen: ----End Backtrace-----
